{"/Users/samtownsend/CloudStation/Engineering/resteraunts/src/restaurant.js": {"path":"/Users/samtownsend/CloudStation/Engineering/resteraunts/src/restaurant.js","statementMap":{"0":{"start":{"line":8,"column":8},"end":{"line":8,"column":24}},"1":{"start":{"line":9,"column":8},"end":{"line":9,"column":22}},"2":{"start":{"line":10,"column":8},"end":{"line":12,"column":9}},"3":{"start":{"line":11,"column":12},"end":{"line":11,"column":54}},"4":{"start":{"line":16,"column":8},"end":{"line":16,"column":34}},"5":{"start":{"line":20,"column":8},"end":{"line":20,"column":24}},"6":{"start":{"line":23,"column":8},"end":{"line":23,"column":28}},"7":{"start":{"line":30,"column":8},"end":{"line":30,"column":26}},"8":{"start":{"line":31,"column":8},"end":{"line":31,"column":28}},"9":{"start":{"line":32,"column":8},"end":{"line":34,"column":9}},"10":{"start":{"line":33,"column":12},"end":{"line":33,"column":49}},"11":{"start":{"line":37,"column":12},"end":{"line":37,"column":28}},"12":{"start":{"line":40,"column":8},"end":{"line":40,"column":39}},"13":{"start":{"line":46,"column":8},"end":{"line":46,"column":24}},"14":{"start":{"line":47,"column":8},"end":{"line":47,"column":26}},"15":{"start":{"line":48,"column":8},"end":{"line":50,"column":9}},"16":{"start":{"line":49,"column":12},"end":{"line":49,"column":55}},"17":{"start":{"line":51,"column":8},"end":{"line":53,"column":9}},"18":{"start":{"line":52,"column":12},"end":{"line":52,"column":55}},"19":{"start":{"line":56,"column":0},"end":{"line":56,"column":46}}},"fnMap":{"0":{"name":"(anonymous_0)","decl":{"start":{"line":7,"column":4},"end":{"line":7,"column":5}},"loc":{"start":{"line":7,"column":22},"end":{"line":13,"column":5}},"line":7},"1":{"name":"(anonymous_1)","decl":{"start":{"line":15,"column":4},"end":{"line":15,"column":5}},"loc":{"start":{"line":15,"column":25},"end":{"line":17,"column":5}},"line":15},"2":{"name":"(anonymous_2)","decl":{"start":{"line":19,"column":4},"end":{"line":19,"column":5}},"loc":{"start":{"line":19,"column":19},"end":{"line":21,"column":5}},"line":19},"3":{"name":"(anonymous_3)","decl":{"start":{"line":22,"column":4},"end":{"line":22,"column":5}},"loc":{"start":{"line":22,"column":18},"end":{"line":24,"column":5}},"line":22},"4":{"name":"(anonymous_4)","decl":{"start":{"line":29,"column":4},"end":{"line":29,"column":5}},"loc":{"start":{"line":29,"column":23},"end":{"line":35,"column":5}},"line":29},"5":{"name":"(anonymous_5)","decl":{"start":{"line":36,"column":8},"end":{"line":36,"column":9}},"loc":{"start":{"line":36,"column":22},"end":{"line":38,"column":9}},"line":36},"6":{"name":"(anonymous_6)","decl":{"start":{"line":39,"column":8},"end":{"line":39,"column":9}},"loc":{"start":{"line":39,"column":27},"end":{"line":41,"column":9}},"line":39},"7":{"name":"(anonymous_7)","decl":{"start":{"line":45,"column":4},"end":{"line":45,"column":5}},"loc":{"start":{"line":45,"column":29},"end":{"line":54,"column":5}},"line":45}},"branchMap":{"0":{"loc":{"start":{"line":10,"column":8},"end":{"line":12,"column":9}},"type":"if","locations":[{"start":{"line":10,"column":8},"end":{"line":12,"column":9}},{"start":{"line":10,"column":8},"end":{"line":12,"column":9}}],"line":10},"1":{"loc":{"start":{"line":32,"column":8},"end":{"line":34,"column":9}},"type":"if","locations":[{"start":{"line":32,"column":8},"end":{"line":34,"column":9}},{"start":{"line":32,"column":8},"end":{"line":34,"column":9}}],"line":32},"2":{"loc":{"start":{"line":48,"column":8},"end":{"line":50,"column":9}},"type":"if","locations":[{"start":{"line":48,"column":8},"end":{"line":50,"column":9}},{"start":{"line":48,"column":8},"end":{"line":50,"column":9}}],"line":48},"3":{"loc":{"start":{"line":51,"column":8},"end":{"line":53,"column":9}},"type":"if","locations":[{"start":{"line":51,"column":8},"end":{"line":53,"column":9}},{"start":{"line":51,"column":8},"end":{"line":53,"column":9}}],"line":51}},"s":{"0":3,"1":3,"2":3,"3":1,"4":1,"5":1,"6":1,"7":4,"8":4,"9":4,"10":1,"11":1,"12":2,"13":5,"14":5,"15":5,"16":1,"17":4,"18":1,"19":1},"f":{"0":3,"1":1,"2":1,"3":1,"4":4,"5":1,"6":2,"7":5},"b":{"0":[1,2],"1":[1,3],"2":[1,4],"3":[1,3]},"_coverageSchema":"1a1c01bbd47fc00a2c39e90264f33305004495a9","hash":"849406d1abacd900ab31a576593fbf543767e289"}
}
