TN:
SF:src/restaurant.js
FN:7,(anonymous_0)
FN:15,(anonymous_1)
FN:19,(anonymous_2)
FN:22,(anonymous_3)
FN:29,(anonymous_4)
FN:36,(anonymous_5)
FN:39,(anonymous_6)
FN:45,(anonymous_7)
FNF:8
FNH:8
FNDA:3,(anonymous_0)
FNDA:1,(anonymous_1)
FNDA:1,(anonymous_2)
FNDA:1,(anonymous_3)
FNDA:4,(anonymous_4)
FNDA:1,(anonymous_5)
FNDA:2,(anonymous_6)
FNDA:5,(anonymous_7)
DA:8,3
DA:9,3
DA:10,3
DA:11,1
DA:16,1
DA:20,1
DA:23,1
DA:30,4
DA:31,4
DA:32,4
DA:33,1
DA:37,1
DA:40,2
DA:46,5
DA:47,5
DA:48,5
DA:49,1
DA:51,4
DA:52,1
DA:56,1
LF:20
LH:20
BRDA:10,0,0,1
BRDA:10,0,1,2
BRDA:32,1,0,1
BRDA:32,1,1,3
BRDA:48,2,0,1
BRDA:48,2,1,4
BRDA:51,3,0,1
BRDA:51,3,1,3
BRF:8
BRH:8
end_of_record
